# JRE version: OpenJDK Runtime Environment (16.0.1+9) (build 16.0.1+9-24)
# Java VM: OpenJDK 64-Bit Server VM (16.0.1+9-24, mixed mode, sharing, tiered, compressed oops, compressed class ptrs, g1 gc, linux-amd64)
GC Precious Log:
 CPUs: 12 total, 12 available
 Memory: 32110M
 Large Page Support: Disabled
 NUMA Support: Disabled
 Compressed Oops: Enabled (32-bit)
 Heap Region Size: 1M
 Heap Min Capacity: 8M
 Heap Initial Capacity: 502M
 Heap Max Capacity: 1536M
 Pre-touch: Disabled
 Parallel Workers: 10
 Concurrent Workers: 3
 Concurrent Refinement Workers: 10
 Periodic GC: Disabled
Heap:
 garbage-first heap   total 291840K, used 28954K [0x00000000a0000000, 0x0000000100000000)
  region size 1024K, 6 young (6144K), 4 survivors (4096K)
 Metaspace       used 69398K, committed 69888K, reserved 1114112K
  class space    used 9587K, committed 9792K, reserved 1048576K
GC Heap History (20 events):
Event: 0.710 GC heap before
{Heap before GC invocations=1 (full 0):
 garbage-first heap   total 516096K, used 63308K [0x00000000a0000000, 0x0000000100000000)
  region size 1024K, 63 young (64512K), 3 survivors (3072K)
 Metaspace       used 21006K, committed 21248K, reserved 1073152K
  class space    used 2614K, committed 2752K, reserved 1048576K
}
Event: 0.714 GC heap after
{Heap after GC invocations=2 (full 0):
 garbage-first heap   total 516096K, used 8309K [0x00000000a0000000, 0x0000000100000000)
  region size 1024K, 8 young (8192K), 8 survivors (8192K)
 Metaspace       used 21006K, committed 21248K, reserved 1073152K
  class space    used 2614K, committed 2752K, reserved 1048576K
}
Event: 0.848 GC heap before
{Heap before GC invocations=3 (full 0):
 garbage-first heap   total 40960K, used 39029K [0x00000000a0000000, 0x0000000100000000)
  region size 1024K, 37 young (37888K), 8 survivors (8192K)
 Metaspace       used 27826K, committed 28096K, reserved 1081344K
  class space    used 3514K, committed 3648K, reserved 1048576K
}
Event: 0.852 GC heap after
{Heap after GC invocations=4 (full 0):
 garbage-first heap   total 50176K, used 10894K [0x00000000a0000000, 0x0000000100000000)
  region size 1024K, 9 young (9216K), 9 survivors (9216K)
 Metaspace       used 27826K, committed 28096K, reserved 1081344K
  class space    used 3514K, committed 3648K, reserved 1048576K
}
Event: 0.952 GC heap before
{Heap before GC invocations=4 (full 0):
 garbage-first heap   total 50176K, used 30350K [0x00000000a0000000, 0x0000000100000000)
  region size 1024K, 29 young (29696K), 9 survivors (9216K)
 Metaspace       used 33169K, committed 33472K, reserved 1081344K
  class space    used 4281K, committed 4416K, reserved 1048576K
}
Event: 0.956 GC heap after
{Heap after GC invocations=5 (full 0):
 garbage-first heap   total 50176K, used 12705K [0x00000000a0000000, 0x0000000100000000)
  region size 1024K, 4 young (4096K), 4 survivors (4096K)
 Metaspace       used 33169K, committed 33472K, reserved 1081344K
  class space    used 4281K, committed 4416K, reserved 1048576K
}
Event: 1.000 GC heap before
{Heap before GC invocations=5 (full 0):
 garbage-first heap   total 50176K, used 19873K [0x00000000a0000000, 0x0000000100000000)
  region size 1024K, 13 young (13312K), 4 survivors (4096K)
 Metaspace       used 35665K, committed 35968K, reserved 1081344K
  class space    used 4709K, committed 4800K, reserved 1048576K
}
Event: 1.003 GC heap after
{Heap after GC invocations=6 (full 0):
 garbage-first heap   total 50176K, used 13076K [0x00000000a0000000, 0x0000000100000000)
  region size 1024K, 3 young (3072K), 3 survivors (3072K)
 Metaspace       used 35665K, committed 35968K, reserved 1081344K
  class space    used 4709K, committed 4800K, reserved 1048576K
}
Event: 1.161 GC heap before
{Heap before GC invocations=7 (full 0):
 garbage-first heap   total 50176K, used 36628K [0x00000000a0000000, 0x0000000100000000)
  region size 1024K, 26 young (26624K), 3 survivors (3072K)
 Metaspace       used 41188K, committed 41472K, reserved 1089536K
  class space    used 5513K, committed 5632K, reserved 1048576K
}
Event: 1.166 GC heap after
{Heap after GC invocations=8 (full 0):
 garbage-first heap   total 282624K, used 14476K [0x00000000a0000000, 0x0000000100000000)
  region size 1024K, 4 young (4096K), 4 survivors (4096K)
 Metaspace       used 41188K, committed 41472K, reserved 1089536K
  class space    used 5513K, committed 5632K, reserved 1048576K
}
Event: 1.474 GC heap before
{Heap before GC invocations=9 (full 0):
 garbage-first heap   total 61440K, used 57484K [0x00000000a0000000, 0x0000000100000000)
  region size 1024K, 47 young (48128K), 4 survivors (4096K)
 Metaspace       used 47469K, committed 47872K, reserved 1097728K
  class space    used 6441K, committed 6656K, reserved 1048576K
}
Event: 1.479 GC heap after
{Heap after GC invocations=10 (full 0):
 garbage-first heap   total 68608K, used 18595K [0x00000000a0000000, 0x0000000100000000)
  region size 1024K, 6 young (6144K), 6 survivors (6144K)
 Metaspace       used 47469K, committed 47872K, reserved 1097728K
  class space    used 6441K, committed 6656K, reserved 1048576K
}
Event: 1.715 GC heap before
{Heap before GC invocations=10 (full 0):
 garbage-first heap   total 68608K, used 49315K [0x00000000a0000000, 0x0000000100000000)
  region size 1024K, 37 young (37888K), 6 survivors (6144K)
 Metaspace       used 54511K, committed 54976K, reserved 1097728K
  class space    used 7208K, committed 7424K, reserved 1048576K
}
Event: 1.720 GC heap after
{Heap after GC invocations=11 (full 0):
 garbage-first heap   total 68608K, used 21855K [0x00000000a0000000, 0x0000000100000000)
  region size 1024K, 4 young (4096K), 4 survivors (4096K)
 Metaspace       used 54511K, committed 54976K, reserved 1097728K
  class space    used 7208K, committed 7424K, reserved 1048576K
}
Event: 1.928 GC heap before
{Heap before GC invocations=11 (full 0):
 garbage-first heap   total 68608K, used 50527K [0x00000000a0000000, 0x0000000100000000)
  region size 1024K, 32 young (32768K), 4 survivors (4096K)
 Metaspace       used 57547K, committed 57984K, reserved 1105920K
  class space    used 7759K, committed 7936K, reserved 1048576K
}
Event: 1.932 GC heap after
{Heap after GC invocations=12 (full 0):
 garbage-first heap   total 68608K, used 25384K [0x00000000a0000000, 0x0000000100000000)
  region size 1024K, 4 young (4096K), 4 survivors (4096K)
 Metaspace       used 57547K, committed 57984K, reserved 1105920K
  class space    used 7759K, committed 7936K, reserved 1048576K
}
Event: 2.149 GC heap before
{Heap before GC invocations=12 (full 0):
 garbage-first heap   total 68608K, used 49960K [0x00000000a0000000, 0x0000000100000000)
  region size 1024K, 30 young (30720K), 4 survivors (4096K)
 Metaspace       used 61513K, committed 62016K, reserved 1105920K
  class space    used 8468K, committed 8704K, reserved 1048576K
}
Event: 2.153 GC heap after
{Heap after GC invocations=13 (full 0):
 garbage-first heap   total 291840K, used 26021K [0x00000000a0000000, 0x0000000100000000)
  region size 1024K, 2 young (2048K), 2 survivors (2048K)
 Metaspace       used 61513K, committed 62016K, reserved 1105920K
  class space    used 8468K, committed 8704K, reserved 1048576K
}
Event: 2.754 GC heap before
{Heap before GC invocations=13 (full 0):
 garbage-first heap   total 291840K, used 120229K [0x00000000a0000000, 0x0000000100000000)
  region size 1024K, 61 young (62464K), 2 survivors (2048K)
 Metaspace       used 68802K, committed 69248K, reserved 1114112K
  class space    used 9523K, committed 9728K, reserved 1048576K
}
Event: 2.758 GC heap after
{Heap after GC invocations=14 (full 0):
 garbage-first heap   total 291840K, used 27930K [0x00000000a0000000, 0x0000000100000000)
  region size 1024K, 4 young (4096K), 4 survivors (4096K)
 Metaspace       used 68802K, committed 69248K, reserved 1114112K
  class space    used 9523K, committed 9728K, reserved 1048576K
}

